<?xml version="1.0" encoding="UTF-8"?>
<!-- Generated by org.testng.reporters.JUnitReportReporter -->
<testsuite skipped="0" hostname="macmini440" name="WriteToFileTest" tests="1" failures="0" timestamp="27 Jul 2019 13:42:36 GMT" time="0.013" errors="0">
  <testcase name="WriteToFileTest" time="0.013" classname="WriteToFileTest"/>
</testsuite> <!-- WriteToFileTest -->
